<?xml version="1.0" encoding="UTF-8"?>
<coverage generated="1685655303278" clover="3.2.0">
  <project timestamp="1685655303278" name="All files">
    <metrics statements="9" coveredstatements="2" conditionals="4" coveredconditionals="2" methods="3" coveredmethods="1" elements="16" coveredelements="5" complexity="0" loc="9" ncloc="9" packages="1" files="1" classes="1"/>
    <file name="removeTasks.js" path="D:\Programming\Microverse\Microverse full program\Projects\module_2\webpack-to-do-list\src\modules\removeTasks.js">
      <metrics statements="9" coveredstatements="2" conditionals="4" coveredconditionals="2" methods="3" coveredmethods="1"/>
      <line num="2" count="1" type="cond" truecount="2" falsecount="0"/>
      <line num="3" count="1" type="stmt"/>
      <line num="5" count="0" type="stmt"/>
      <line num="6" count="0" type="cond" truecount="0" falsecount="2"/>
      <line num="7" count="0" type="stmt"/>
      <line num="10" count="0" type="stmt"/>
      <line num="11" count="0" type="stmt"/>
      <line num="13" count="0" type="stmt"/>
      <line num="14" count="0" type="stmt"/>
    </file>
  </project>
</coverage>
